[2025-03-23 19:04:57] Taskmaster logger initialized
[2025-03-23 19:04:57] Loading configuration from taskmaster.yaml
[2025-03-23 19:04:57] Successfully loaded 6 program configurations
[2025-03-23 19:04:57] Starting program: simple-web
[2025-03-23 19:04:57] Started simple-web process #0 (PID: 2066)
[2025-03-23 19:04:57] Starting program: worker
[2025-03-23 19:04:57] Started worker process #0 (PID: 2070)
[2025-03-23 19:04:57] Started worker process #1 (PID: 2073)
[2025-03-23 19:04:57] Starting program: ping
[2025-03-23 19:04:57] Started ping process #0 (PID: 2077)
[2025-03-23 19:04:57] Starting program: tail
[2025-03-23 19:04:58] Started tail process #0 (PID: 2078)
[2025-03-23 19:04:58] Starting program: ls
[2025-03-23 19:04:58] Started ls process #0 (PID: 2079)
[2025-03-23 19:04:58] Taskmaster daemon started
[2025-03-23 19:04:58] Process ls-0 exited with code 0, not restarting (expected: True)
[2025-03-23 19:05:02] Process ping-0 exited with code 0, not restarting (expected: True)
[2025-03-23 19:05:07] Process simple-web-0 exited with code 0, not restarting (expected: True)
[2025-03-23 19:05:13] Process worker-1 exited with code 0, will restart (attempt 1 of 5)
[2025-03-23 19:05:13] Process worker-0 exited with code 0, will restart (attempt 1 of 5)
[2025-03-23 19:05:27] Process worker-1 exited with code 0, will restart (attempt 1 of 5)
[2025-03-23 19:05:27] Process worker-0 exited with code 0, will restart (attempt 1 of 5)
[2025-03-23 19:05:43] Process worker-0 exited with code 0, will restart (attempt 1 of 5)
[2025-03-23 19:05:43] Process worker-1 exited with code 0, will restart (attempt 1 of 5)
[2025-03-23 19:05:58] Process worker-1 exited with code 0, will restart (attempt 1 of 5)
[2025-03-23 19:05:58] Process worker-0 exited with code 0, will restart (attempt 1 of 5)
[2025-03-23 19:06:14] Process worker-0 exited with code 0, will restart (attempt 1 of 5)
[2025-03-23 19:06:14] Process worker-1 exited with code 0, will restart (attempt 1 of 5)
[2025-03-23 19:06:28] Process worker-0 exited with code 0, will restart (attempt 1 of 5)
[2025-03-23 19:06:28] Process worker-1 exited with code 0, will restart (attempt 1 of 5)
[2025-03-23 19:06:44] Process worker-0 exited with code 0, will restart (attempt 1 of 5)
[2025-03-23 19:06:44] Process worker-1 exited with code 0, will restart (attempt 1 of 5)
[2025-03-23 19:06:58] Process worker-0 exited with code 0, will restart (attempt 1 of 5)
[2025-03-23 19:06:59] Process worker-1 exited with code 0, will restart (attempt 1 of 5)
[2025-03-23 19:07:15] Process worker-0 exited with code 0, will restart (attempt 1 of 5)
[2025-03-23 19:07:15] Process worker-1 exited with code 0, will restart (attempt 1 of 5)
[2025-03-23 19:07:29] Process worker-0 exited with code 0, will restart (attempt 1 of 5)
[2025-03-23 19:07:29] Process worker-1 exited with code 0, will restart (attempt 1 of 5)
[2025-03-23 19:07:46] Process worker-1 exited with code 0, will restart (attempt 1 of 5)
[2025-03-23 19:07:46] Process worker-0 exited with code 0, will restart (attempt 1 of 5)
[2025-03-23 19:07:51] Process worker-1 exited with code 0, will restart (attempt 2 of 5)
[2025-03-23 19:07:51] Process worker-0 exited with code 0, will restart (attempt 2 of 5)
[2025-03-23 19:07:51] Stopping Taskmaster daemon
[2025-03-23 19:07:51] Stopping all programs...
[2025-03-23 19:07:51] Stopping program: simple-web
[2025-03-23 19:07:51] Stopping program: worker
[2025-03-23 19:07:51] Stopping program: ping
[2025-03-23 19:07:51] Stopping program: tail
[2025-03-23 19:07:52] Process tail-0 stopped with exit code 130
[2025-03-23 19:07:52] Stopped tail process #0
[2025-03-23 19:07:52] Stopping program: ls
[2025-03-23 19:07:53] Taskmaster daemon stopped
[2025-04-12 22:32:41] Taskmaster logger initialized
[2025-04-12 22:32:41] Loading configuration from taskmaster.yaml
[2025-04-12 22:32:41] Successfully loaded 6 program configurations
[2025-04-12 22:32:41] Starting program: simple-web
[2025-04-12 22:32:41] Started simple-web process #0 (PID: 37544)
[2025-04-12 22:32:41] Starting program: worker
[2025-04-12 22:32:41] Started worker process #0 (PID: 4508)
[2025-04-12 22:32:41] Started worker process #1 (PID: 37496)
[2025-04-12 22:32:41] Starting program: ping
[2025-04-12 22:32:41] Started ping process #0 (PID: 1388)
[2025-04-12 22:32:41] Starting program: tail
[2025-04-12 22:32:41] Failed to start process tail-0: An error occurred trying to start process 'tail' with working directory 'C:\Users\Tony\Taskmaster'. The system cannot find the file specified.
[2025-04-12 22:32:41] Failed to start tail process #0
[2025-04-12 22:32:41] Starting program: ls
[2025-04-12 22:32:41] Failed to start process ls-0: An error occurred trying to start process 'ls' with working directory 'C:\Users\Tony\Taskmaster'. The system cannot find the file specified.
[2025-04-12 22:32:41] Failed to start ls process #0
[2025-04-12 22:32:41] Taskmaster daemon started
[2025-04-12 22:32:41] Process worker-0 exited with code 1, will restart (attempt 1 of 5)
[2025-04-12 22:32:41] Process simple-web-0 exited with code 1, will restart (attempt 1 of 3)
[2025-04-12 22:32:41] Process worker-1 exited with code 1, will restart (attempt 1 of 5)
[2025-04-12 22:32:41] Process ping-0 exited with code 1, not restarting (expected: False)
[2025-04-12 22:32:42] Process worker-1 exited with code 1, will restart (attempt 2 of 5)
[2025-04-12 22:32:42] Process worker-0 exited with code 1, will restart (attempt 2 of 5)
[2025-04-12 22:32:42] Process simple-web-0 exited with code 1, will restart (attempt 2 of 3)
[2025-04-12 22:32:44] Process worker-1 exited with code 1, will restart (attempt 3 of 5)
[2025-04-12 22:32:44] Process worker-0 exited with code 1, will restart (attempt 3 of 5)
[2025-04-12 22:32:44] Process simple-web-0 exited with code 1, will restart (attempt 3 of 3)
[2025-04-12 22:32:48] Process worker-1 exited with code 1, will restart (attempt 4 of 5)
[2025-04-12 22:32:48] Process worker-0 exited with code 1, will restart (attempt 4 of 5)
[2025-04-12 22:32:48] Process simple-web-0 exited with code 1, exceeded maximum restart attempts (3)
[2025-04-12 22:32:56] Process worker-1 exited with code 1, will restart (attempt 5 of 5)
[2025-04-12 22:32:56] Process worker-0 exited with code 1, will restart (attempt 5 of 5)
[2025-04-12 22:33:12] Process worker-1 exited with code 1, exceeded maximum restart attempts (5)
[2025-04-12 22:33:12] Process worker-0 exited with code 1, exceeded maximum restart attempts (5)
[2025-04-12 22:34:47] Unknown program: vlc
[2025-04-12 22:34:57] Stopping Taskmaster daemon
[2025-04-12 22:34:57] Stopping all programs...
[2025-04-12 22:34:57] Stopping program: simple-web
[2025-04-12 22:34:57] Stopping program: worker
[2025-04-12 22:34:57] Stopping program: ping
[2025-04-12 22:34:57] Stopping program: tail
[2025-04-12 22:34:57] Stopping program: ls
[2025-04-12 22:34:58] Taskmaster daemon stopped
[2025-04-12 23:28:47] [INFO   ] Taskmaster logger initialized with log level Info
[2025-04-12 23:28:47] [INFO   ] Loading configuration from taskmaster.yaml
[2025-04-12 23:28:47] [INFO   ] Successfully loaded 6 program configurations
[2025-04-12 23:28:47] [INFO   ] Signal handlers registered
[2025-04-12 23:28:47] [INFO   ] Starting program: simple-web
[2025-04-12 23:28:47] [INFO   ] Created directory: logs\.\logs
[2025-04-12 23:28:47] [INFO   ] Started simple-web process #0 (PID: 51800)
[2025-04-12 23:28:47] [INFO   ] Starting program: worker
[2025-04-12 23:28:47] [INFO   ] Started worker process #0 (PID: 53208)
[2025-04-12 23:28:47] [INFO   ] Started worker process #1 (PID: 46440)
[2025-04-12 23:28:47] [INFO   ] Starting program: ping
[2025-04-12 23:28:47] [INFO   ] Started ping process #0 (PID: 51832)
[2025-04-12 23:28:47] [INFO   ] Starting program: tail
[2025-04-12 23:28:47] [INFO   ] Failed to start process tail-0: An error occurred trying to start process 'tail' with working directory 'C:\Users\Tony\Taskmaster'. The system cannot find the file specified.
[2025-04-12 23:28:47] [INFO   ] Failed to start tail process #0
[2025-04-12 23:28:47] [INFO   ] Starting program: ls
[2025-04-12 23:28:47] [INFO   ] Failed to start process ls-0: An error occurred trying to start process 'ls' with working directory 'C:\Users\Tony\Taskmaster'. The system cannot find the file specified.
[2025-04-12 23:28:47] [INFO   ] Failed to start ls process #0
[2025-04-12 23:28:47] [INFO   ] Taskmaster daemon started
[2025-04-12 23:28:47] [INFO   ] Process worker-0 exited with code 1, will restart (attempt 1 of 5)
[2025-04-12 23:28:47] [INFO   ] Process simple-web-0 exited with code 1, will restart (attempt 1 of 3)
[2025-04-12 23:28:47] [INFO   ] Process worker-1 exited with code 1, will restart (attempt 1 of 5)
[2025-04-12 23:28:47] [INFO   ] Process ping-0 exited with code 1, not restarting (expected: False)
[2025-04-12 23:28:48] [INFO   ] Process worker-1 exited with code 1, will restart (attempt 2 of 5)
[2025-04-12 23:28:48] [INFO   ] Process worker-0 exited with code 1, will restart (attempt 2 of 5)
[2025-04-12 23:28:48] [INFO   ] Process simple-web-0 exited with code 1, will restart (attempt 2 of 3)
[2025-04-12 23:28:50] [INFO   ] Process worker-1 exited with code 1, will restart (attempt 3 of 5)
[2025-04-12 23:28:50] [INFO   ] Process worker-0 exited with code 1, will restart (attempt 3 of 5)
[2025-04-12 23:28:50] [INFO   ] Process simple-web-0 exited with code 1, will restart (attempt 3 of 3)
[2025-04-12 23:28:54] [INFO   ] Process worker-1 exited with code 1, will restart (attempt 4 of 5)
[2025-04-12 23:28:54] [INFO   ] Process worker-0 exited with code 1, will restart (attempt 4 of 5)
[2025-04-12 23:28:54] [INFO   ] Process simple-web-0 exited with code 1, exceeded maximum restart attempts (3)
[2025-04-12 23:29:02] [INFO   ] Process worker-1 exited with code 1, will restart (attempt 5 of 5)
[2025-04-12 23:29:02] [INFO   ] Process worker-0 exited with code 1, will restart (attempt 5 of 5)
[2025-04-12 23:29:08] [INFO   ] Stopping Taskmaster daemon
[2025-04-12 23:29:08] [INFO   ] Stopping all programs...
[2025-04-12 23:29:08] [INFO   ] Stopping program: simple-web
[2025-04-12 23:29:08] [INFO   ] Stopping program: worker
[2025-04-12 23:29:08] [INFO   ] Stopping program: ping
[2025-04-12 23:29:08] [INFO   ] Stopping program: tail
[2025-04-12 23:29:08] [INFO   ] Stopping program: ls
[2025-04-12 23:29:09] [INFO   ] Taskmaster daemon stopped
[2025-04-12 23:29:09] [INFO   ] Closing logger
[2025-04-12 23:37:22] [INFO   ] Taskmaster logger initialized with log level Info
[2025-04-12 23:37:22] [INFO   ] Loading configuration from taskmaster.yaml
[2025-04-12 23:37:22] [INFO   ] Successfully loaded 6 program configurations
[2025-04-12 23:37:22] [INFO   ] Signal handlers registered
[2025-04-12 23:37:22] [INFO   ] Starting program: simple-web
[2025-04-12 23:37:22] [INFO   ] Started simple-web process #0 (PID: 52900)
[2025-04-12 23:37:22] [INFO   ] Starting program: worker
[2025-04-12 23:37:22] [INFO   ] Started worker process #0 (PID: 51740)
[2025-04-12 23:37:22] [INFO   ] Started worker process #1 (PID: 40684)
[2025-04-12 23:37:22] [INFO   ] Starting program: ping
[2025-04-12 23:37:22] [INFO   ] Started ping process #0 (PID: 50228)
[2025-04-12 23:37:22] [INFO   ] Starting program: tail
[2025-04-12 23:37:22] [INFO   ] Failed to start process tail-0: An error occurred trying to start process 'tail' with working directory 'C:\Users\Tony\Taskmaster'. The system cannot find the file specified.
[2025-04-12 23:37:22] [INFO   ] Failed to start tail process #0
[2025-04-12 23:37:22] [INFO   ] Starting program: ls
[2025-04-12 23:37:22] [INFO   ] Failed to start process ls-0: An error occurred trying to start process 'ls' with working directory 'C:\Users\Tony\Taskmaster'. The system cannot find the file specified.
[2025-04-12 23:37:22] [INFO   ] Failed to start ls process #0
[2025-04-12 23:37:22] [INFO   ] Taskmaster daemon started
[2025-04-12 23:37:22] [INFO   ] Process worker-0 exited with code 1, will restart (attempt 1 of 5)
[2025-04-12 23:37:22] [INFO   ] Process simple-web-0 exited with code 1, will restart (attempt 1 of 3)
[2025-04-12 23:37:22] [INFO   ] Process worker-1 exited with code 1, will restart (attempt 1 of 5)
[2025-04-12 23:37:22] [INFO   ] Process ping-0 exited with code 1, not restarting (expected: False)
[2025-04-12 23:37:23] [INFO   ] Process worker-0 exited with code 1, will restart (attempt 2 of 5)
[2025-04-12 23:37:23] [INFO   ] Process simple-web-0 exited with code 1, will restart (attempt 2 of 3)
[2025-04-12 23:37:23] [INFO   ] Process worker-1 exited with code 1, will restart (attempt 2 of 5)
[2025-04-12 23:37:25] [INFO   ] Stopping Taskmaster daemon
[2025-04-12 23:37:25] [INFO   ] Stopping all programs...
[2025-04-12 23:37:25] [INFO   ] Stopping program: simple-web
[2025-04-12 23:37:25] [INFO   ] Stopping program: worker
[2025-04-12 23:37:25] [INFO   ] Stopping program: ping
[2025-04-12 23:37:25] [INFO   ] Stopping program: tail
[2025-04-12 23:37:25] [INFO   ] Stopping program: ls
[2025-04-12 23:37:25] [INFO   ] Process worker-0 exited with code 1, will restart (attempt 3 of 5)
[2025-04-12 23:37:25] [INFO   ] Process worker-1 exited with code 1, will restart (attempt 3 of 5)
[2025-04-12 23:37:26] [INFO   ] Process simple-web-0 exited with code 1, will restart (attempt 3 of 3)
[2025-04-12 23:37:26] [INFO   ] Taskmaster daemon stopped
[2025-04-12 23:37:26] [INFO   ] Closing logger
[2025-04-12 23:45:49] [INFO   ] Taskmaster logger initialized with log level Info
[2025-04-12 23:45:49] [INFO   ] Loading configuration from taskmaster.yaml
[2025-04-12 23:45:49] [INFO   ] Successfully loaded 6 program configurations
[2025-04-12 23:45:49] [INFO   ] Signal handlers registered
[2025-04-12 23:45:49] [INFO   ] Starting program: simple-web
[2025-04-12 23:45:49] [INFO   ] Started simple-web process #0 (PID: 44096)
[2025-04-12 23:45:49] [INFO   ] Starting program: worker
[2025-04-12 23:45:49] [INFO   ] Started worker process #0 (PID: 37256)
[2025-04-12 23:45:49] [INFO   ] Started worker process #1 (PID: 47256)
[2025-04-12 23:45:49] [INFO   ] Starting program: ping
[2025-04-12 23:45:49] [INFO   ] Started ping process #0 (PID: 51264)
[2025-04-12 23:45:49] [INFO   ] Starting program: tail
[2025-04-12 23:45:49] [INFO   ] Failed to start process tail-0: An error occurred trying to start process 'tail' with working directory 'C:\Users\Tony\Taskmaster'. The system cannot find the file specified.
[2025-04-12 23:45:49] [INFO   ] Failed to start tail process #0
[2025-04-12 23:45:49] [INFO   ] Starting program: ls
[2025-04-12 23:45:49] [INFO   ] Failed to start process ls-0: An error occurred trying to start process 'ls' with working directory 'C:\Users\Tony\Taskmaster'. The system cannot find the file specified.
[2025-04-12 23:45:49] [INFO   ] Failed to start ls process #0
[2025-04-12 23:45:49] [INFO   ] Taskmaster daemon started
[2025-04-12 23:45:49] [INFO   ] Process worker-0 exited with code 1, will restart (attempt 1 of 5)
[2025-04-12 23:45:49] [INFO   ] Process simple-web-0 exited with code 1, will restart (attempt 1 of 3)
[2025-04-12 23:45:49] [INFO   ] Process worker-1 exited with code 1, will restart (attempt 1 of 5)
[2025-04-12 23:45:49] [INFO   ] Process ping-0 exited with code 1, not restarting (expected: False)
[2025-04-12 23:45:50] [INFO   ] Process worker-0 exited with code 1, will restart (attempt 2 of 5)
[2025-04-12 23:45:50] [INFO   ] Process worker-1 exited with code 1, will restart (attempt 2 of 5)
[2025-04-12 23:45:50] [INFO   ] Process simple-web-0 exited with code 1, will restart (attempt 2 of 3)
[2025-04-12 23:45:52] [INFO   ] Process worker-0 exited with code 1, will restart (attempt 3 of 5)
[2025-04-12 23:45:52] [INFO   ] Process worker-1 exited with code 1, will restart (attempt 3 of 5)
[2025-04-12 23:45:52] [INFO   ] Process simple-web-0 exited with code 1, will restart (attempt 3 of 3)
[2025-04-12 23:45:56] [INFO   ] Process worker-1 exited with code 1, will restart (attempt 4 of 5)
[2025-04-12 23:45:56] [INFO   ] Process worker-0 exited with code 1, will restart (attempt 4 of 5)
[2025-04-12 23:45:56] [INFO   ] Process simple-web-0 exited with code 1, exceeded maximum restart attempts (3)
[2025-04-12 23:46:04] [INFO   ] Process worker-0 exited with code 1, will restart (attempt 5 of 5)
[2025-04-12 23:46:04] [INFO   ] Process worker-1 exited with code 1, will restart (attempt 5 of 5)
[2025-04-12 23:46:20] [INFO   ] Process worker-1 exited with code 1, exceeded maximum restart attempts (5)
[2025-04-12 23:46:20] [INFO   ] Process worker-0 exited with code 1, exceeded maximum restart attempts (5)
[2025-04-12 23:47:43] [INFO   ] Reloading configuration...
[2025-04-12 23:47:43] [INFO   ] Loading configuration from taskmaster.yaml
[2025-04-12 23:47:43] [INFO   ] Successfully loaded 6 program configurations
[2025-04-12 23:47:43] [INFO   ] Configuration reloaded successfully
[2025-04-12 23:48:05] [INFO   ] Unknown program: vlx
[2025-04-12 23:48:07] [INFO   ] Unknown program: vlc
[2025-04-12 23:48:10] [INFO   ] Stopping Taskmaster daemon
[2025-04-12 23:48:10] [INFO   ] Stopping all programs...
[2025-04-12 23:48:10] [INFO   ] Stopping program: simple-web
[2025-04-12 23:48:10] [INFO   ] Stopping program: worker
[2025-04-12 23:48:10] [INFO   ] Stopping program: ping
[2025-04-12 23:48:10] [INFO   ] Stopping program: tail
[2025-04-12 23:48:10] [INFO   ] Stopping program: ls
[2025-04-12 23:48:11] [INFO   ] Taskmaster daemon stopped
[2025-04-12 23:48:11] [INFO   ] Closing logger
[2025-04-13 00:11:06] [INFO   ] Taskmaster logger initialized with log level Info
[2025-04-13 00:11:07] [INFO   ] Loading configuration from taskmaster.yaml
[2025-04-13 00:11:07] [INFO   ] Successfully loaded 6 program configurations
[2025-04-13 00:11:07] [INFO   ] Signal handlers registered
[2025-04-13 00:11:07] [INFO   ] Starting program: simple-web
[2025-04-13 00:11:07] [INFO   ] Started simple-web process #0 (PID: 54408)
[2025-04-13 00:11:07] [INFO   ] Starting program: worker
[2025-04-13 00:11:07] [INFO   ] Started worker process #0 (PID: 50908)
[2025-04-13 00:11:07] [INFO   ] Started worker process #1 (PID: 53252)
[2025-04-13 00:11:07] [INFO   ] Starting program: ping
[2025-04-13 00:11:07] [INFO   ] Started ping process #0 (PID: 55564)
[2025-04-13 00:11:07] [INFO   ] Starting program: tail
[2025-04-13 00:11:07] [INFO   ] Failed to start process tail-0: An error occurred trying to start process 'tail' with working directory 'C:\Users\Tony\Taskmaster'. The system cannot find the file specified.
[2025-04-13 00:11:07] [INFO   ] Failed to start tail process #0
[2025-04-13 00:11:07] [INFO   ] Starting program: ls
[2025-04-13 00:11:07] [INFO   ] Failed to start process ls-0: An error occurred trying to start process 'ls' with working directory 'C:\Users\Tony\Taskmaster'. The system cannot find the file specified.
[2025-04-13 00:11:07] [INFO   ] Failed to start ls process #0
[2025-04-13 00:11:07] [INFO   ] Taskmaster daemon started
[2025-04-13 00:11:07] [INFO   ] Process worker-0 exited with code 1, will restart (attempt 1 of 5)
[2025-04-13 00:11:07] [INFO   ] Process simple-web-0 exited with code 1, will restart (attempt 1 of 3)
[2025-04-13 00:11:07] [INFO   ] Process worker-1 exited with code 1, will restart (attempt 1 of 5)
[2025-04-13 00:11:07] [INFO   ] Process ping-0 exited with code 1, not restarting (expected: False)
[2025-04-13 00:11:08] [INFO   ] Process worker-0 exited with code 1, will restart (attempt 2 of 5)
[2025-04-13 00:11:08] [INFO   ] Process worker-1 exited with code 1, will restart (attempt 2 of 5)
[2025-04-13 00:11:08] [INFO   ] Process simple-web-0 exited with code 1, will restart (attempt 2 of 3)
[2025-04-13 00:11:10] [INFO   ] Process worker-0 exited with code 1, will restart (attempt 3 of 5)
[2025-04-13 00:11:10] [INFO   ] Process worker-1 exited with code 1, will restart (attempt 3 of 5)
[2025-04-13 00:11:10] [INFO   ] Process simple-web-0 exited with code 1, will restart (attempt 3 of 3)
[2025-04-13 00:11:14] [INFO   ] Process worker-0 exited with code 1, will restart (attempt 4 of 5)
[2025-04-13 00:11:14] [INFO   ] Process worker-1 exited with code 1, will restart (attempt 4 of 5)
[2025-04-13 00:11:14] [INFO   ] Process simple-web-0 exited with code 1, exceeded maximum restart attempts (3)
[2025-04-13 00:11:22] [INFO   ] Process worker-0 exited with code 1, will restart (attempt 5 of 5)
[2025-04-13 00:11:22] [INFO   ] Process worker-1 exited with code 1, will restart (attempt 5 of 5)
[2025-04-13 00:11:38] [INFO   ] Process worker-0 exited with code 1, exceeded maximum restart attempts (5)
[2025-04-13 00:11:38] [INFO   ] Process worker-1 exited with code 1, exceeded maximum restart attempts (5)
[2025-04-13 00:13:53] [INFO   ] Stopping Taskmaster daemon
[2025-04-13 00:13:53] [INFO   ] Stopping all programs...
[2025-04-13 00:13:53] [INFO   ] Stopping program: simple-web
[2025-04-13 00:13:53] [INFO   ] Stopping program: worker
[2025-04-13 00:13:53] [INFO   ] Stopping program: ping
[2025-04-13 00:13:53] [INFO   ] Stopping program: tail
[2025-04-13 00:13:53] [INFO   ] Stopping program: ls
[2025-04-13 00:13:54] [INFO   ] Taskmaster daemon stopped
[2025-04-13 00:13:54] [INFO   ] Closing logger
[2025-04-13 00:14:32] [INFO   ] Taskmaster logger initialized with log level Info
[2025-04-13 00:14:32] [INFO   ] Loading configuration from taskmaster.yaml
[2025-04-13 00:14:32] [INFO   ] Successfully loaded 6 program configurations
[2025-04-13 00:14:32] [INFO   ] Signal handlers registered
[2025-04-13 00:14:32] [INFO   ] Starting program: simple-web
[2025-04-13 00:14:32] [INFO   ] Started simple-web process #0 (PID: 55676)
[2025-04-13 00:14:32] [INFO   ] Starting program: worker
[2025-04-13 00:14:32] [INFO   ] Started worker process #0 (PID: 48528)
[2025-04-13 00:14:32] [INFO   ] Started worker process #1 (PID: 55768)
[2025-04-13 00:14:32] [INFO   ] Starting program: ping
[2025-04-13 00:14:32] [INFO   ] Started ping process #0 (PID: 55820)
[2025-04-13 00:14:32] [INFO   ] Starting program: tail
[2025-04-13 00:14:32] [INFO   ] Started tail process #0 (PID: 54644)
[2025-04-13 00:14:32] [INFO   ] Starting program: ls
[2025-04-13 00:14:32] [INFO   ] Failed to start process ls-0: An error occurred trying to start process 'dir' with working directory 'C:\Users\Tony\Taskmaster'. The system cannot find the file specified.
[2025-04-13 00:14:32] [INFO   ] Failed to start ls process #0
[2025-04-13 00:14:32] [INFO   ] Taskmaster daemon started
[2025-04-13 00:14:36] [INFO   ] Process ping-0 exited with code 0, not restarting (expected: True)
[2025-04-13 00:14:41] [INFO   ] Process simple-web-0 exited with code 0, not restarting (expected: True)
[2025-04-13 00:14:47] [INFO   ] Process worker-1 exited with code 0, will restart (attempt 1 of 5)
[2025-04-13 00:14:47] [INFO   ] Process worker-0 exited with code 0, will restart (attempt 1 of 5)
[2025-04-13 00:14:53] [INFO   ] Stopping Taskmaster daemon
[2025-04-13 00:14:53] [INFO   ] Stopping all programs...
[2025-04-13 00:14:53] [INFO   ] Stopping program: simple-web
[2025-04-13 00:14:53] [INFO   ] Stopping program: worker
[2025-04-13 00:15:02] [INFO   ] Process worker-0 stopped with exit code 0
[2025-04-13 00:15:02] [INFO   ] Stopped worker process #0
[2025-04-13 00:15:02] [INFO   ] Process worker-1 exited with code 0, will restart (attempt 1 of 5)
[2025-04-13 00:15:02] [INFO   ] Stopping program: ping
[2025-04-13 00:15:02] [INFO   ] Stopping program: tail
[2025-04-13 00:15:41] [INFO   ] Taskmaster logger initialized with log level Info
[2025-04-13 00:15:41] [INFO   ] Loading configuration from taskmaster.yaml
[2025-04-13 00:15:41] [INFO   ] Successfully loaded 6 program configurations
[2025-04-13 00:15:41] [INFO   ] Signal handlers registered
[2025-04-13 00:15:41] [INFO   ] Starting program: simple-web
[2025-04-13 00:15:41] [INFO   ] Started simple-web process #0 (PID: 56152)
[2025-04-13 00:15:41] [INFO   ] Starting program: worker
[2025-04-13 00:15:41] [INFO   ] Started worker process #0 (PID: 51652)
[2025-04-13 00:15:41] [INFO   ] Started worker process #1 (PID: 53316)
[2025-04-13 00:15:41] [INFO   ] Starting program: ping
[2025-04-13 00:15:41] [INFO   ] Started ping process #0 (PID: 50636)
[2025-04-13 00:15:41] [INFO   ] Starting program: tail
[2025-04-13 00:15:41] [INFO   ] Started tail process #0 (PID: 54724)
[2025-04-13 00:15:41] [INFO   ] Starting program: ls
[2025-04-13 00:15:41] [INFO   ] Failed to start process ls-0: An error occurred trying to start process 'dir' with working directory 'C:\Users\Tony\Taskmaster'. The system cannot find the file specified.
[2025-04-13 00:15:41] [INFO   ] Failed to start ls process #0
[2025-04-13 00:15:41] [INFO   ] Taskmaster daemon started
[2025-04-13 00:15:45] [INFO   ] Process ping-0 exited with code 0, not restarting (expected: True)
[2025-04-13 00:15:50] [INFO   ] Process simple-web-0 exited with code 0, not restarting (expected: True)
[2025-04-13 00:15:52] [INFO   ] Stopping Taskmaster daemon
[2025-04-13 00:15:52] [INFO   ] Stopping all programs...
[2025-04-13 00:15:52] [INFO   ] Stopping program: simple-web
[2025-04-13 00:15:52] [INFO   ] Stopping program: worker
[2025-04-13 00:15:55] [INFO   ] Process worker-0 stopped with exit code 0
[2025-04-13 00:15:55] [INFO   ] Process worker-1 exited with code 0, will restart (attempt 1 of 5)
[2025-04-13 00:15:55] [INFO   ] Stopped worker process #0
[2025-04-13 00:15:55] [INFO   ] Stopping program: ping
[2025-04-13 00:15:55] [INFO   ] Stopping program: tail
[2025-04-13 00:16:06] [INFO   ] Stopped tail process #0
[2025-04-13 00:16:06] [INFO   ] Stopping program: ls
[2025-04-13 00:16:06] [INFO   ] Process tail-0 exited with code -1, will restart (attempt 1 of 3)
[2025-04-13 00:16:07] [INFO   ] Taskmaster daemon stopped
[2025-04-13 00:16:07] [INFO   ] Closing logger
[2025-04-13 00:16:19] [INFO   ] Taskmaster logger initialized with log level Info
[2025-04-13 00:16:19] [INFO   ] Loading configuration from taskmaster.yaml
[2025-04-13 00:16:19] [INFO   ] Successfully loaded 6 program configurations
[2025-04-13 00:16:19] [INFO   ] Signal handlers registered
[2025-04-13 00:16:19] [INFO   ] Starting program: simple-web
[2025-04-13 00:16:19] [INFO   ] Started simple-web process #0 (PID: 47316)
[2025-04-13 00:16:19] [INFO   ] Starting program: worker
[2025-04-13 00:16:19] [INFO   ] Started worker process #0 (PID: 56216)
[2025-04-13 00:16:19] [INFO   ] Started worker process #1 (PID: 40972)
[2025-04-13 00:16:19] [INFO   ] Starting program: ping
[2025-04-13 00:16:19] [INFO   ] Started ping process #0 (PID: 31956)
[2025-04-13 00:16:19] [INFO   ] Starting program: tail
[2025-04-13 00:16:19] [INFO   ] Started tail process #0 (PID: 57116)
[2025-04-13 00:16:19] [INFO   ] Starting program: ls
[2025-04-13 00:16:19] [INFO   ] Started ls process #0 (PID: 48588)
[2025-04-13 00:16:19] [INFO   ] Taskmaster daemon started
[2025-04-13 00:16:19] [INFO   ] Process ls-0 exited with code 0, not restarting (expected: True)
[2025-04-13 00:16:23] [INFO   ] Process ping-0 exited with code 0, not restarting (expected: True)
[2025-04-13 00:16:28] [INFO   ] Process simple-web-0 exited with code 0, not restarting (expected: True)
[2025-04-13 00:16:33] [INFO   ] Process worker-1 exited with code 0, will restart (attempt 1 of 5)
[2025-04-13 00:16:33] [INFO   ] Process worker-0 exited with code 0, will restart (attempt 1 of 5)
[2025-04-13 00:16:48] [INFO   ] Process worker-0 exited with code 0, will restart (attempt 1 of 5)
[2025-04-13 00:16:48] [INFO   ] Process worker-1 exited with code 0, will restart (attempt 1 of 5)
[2025-04-13 00:16:53] [INFO   ] Stopping Taskmaster daemon
[2025-04-13 00:16:53] [INFO   ] Stopping all programs...
[2025-04-13 00:16:53] [INFO   ] Stopping program: simple-web
[2025-04-13 00:16:53] [INFO   ] Stopping program: worker
[2025-04-17 21:52:25] [INFO   ] Taskmaster logger initialized with log level Info
[2025-04-17 21:52:25] [INFO   ] Loading configuration from taskmaster.yaml
[2025-04-17 21:52:25] [INFO   ] Successfully loaded 6 program configurations
[2025-04-17 21:52:25] [INFO   ] Signal handlers registered
[2025-04-17 21:52:25] [INFO   ] Starting program: simple-web
[2025-04-17 21:52:25] [INFO   ] Started simple-web process #0 (PID: 86704)
[2025-04-17 21:52:25] [INFO   ] Starting program: worker
[2025-04-17 21:52:25] [INFO   ] Started worker process #0 (PID: 77992)
[2025-04-17 21:52:25] [INFO   ] Started worker process #1 (PID: 87304)
[2025-04-17 21:52:25] [INFO   ] Starting program: ping
[2025-04-17 21:52:25] [INFO   ] Started ping process #0 (PID: 86508)
[2025-04-17 21:52:25] [INFO   ] Starting program: tail
[2025-04-17 21:52:25] [INFO   ] Started tail process #0 (PID: 62320)
[2025-04-17 21:52:25] [INFO   ] Starting program: ls
[2025-04-17 21:52:25] [INFO   ] Started ls process #0 (PID: 83244)
[2025-04-17 21:52:25] [INFO   ] Control server listening on 127.0.0.1:9090
[2025-04-17 21:52:25] [INFO   ] Process ls-0 exited with code 0, not restarting (expected: True)
[2025-04-17 21:52:25] [INFO   ] HTTP API listening on http://localhost:8080/api/
[2025-04-17 21:52:25] [INFO   ] Taskmaster daemon started
[2025-04-17 21:52:29] [INFO   ] Process ping-0 exited with code 0, not restarting (expected: True)
[2025-04-17 21:52:34] [INFO   ] Process simple-web-0 exited with code 0, not restarting (expected: True)
[2025-04-17 21:52:39] [INFO   ] Process worker-0 exited with code 0, will restart (attempt 1 of 5)
[2025-04-17 21:52:39] [INFO   ] Process worker-1 exited with code 0, will restart (attempt 1 of 5)
[2025-04-17 21:52:54] [INFO   ] Process worker-0 exited with code 0, will restart (attempt 1 of 5)
[2025-04-17 21:52:54] [INFO   ] Process worker-1 exited with code 0, will restart (attempt 1 of 5)
[2025-04-17 21:53:09] [INFO   ] Process worker-0 exited with code 0, will restart (attempt 1 of 5)
[2025-04-17 21:53:09] [INFO   ] Process worker-1 exited with code 0, will restart (attempt 1 of 5)
[2025-04-17 21:53:25] [INFO   ] Process worker-0 exited with code 0, will restart (attempt 1 of 5)
[2025-04-17 21:53:25] [INFO   ] Process worker-1 exited with code 0, will restart (attempt 1 of 5)
[2025-04-17 21:53:40] [INFO   ] Process worker-0 exited with code 0, will restart (attempt 1 of 5)
[2025-04-17 21:53:40] [INFO   ] Process worker-1 exited with code 0, will restart (attempt 1 of 5)
[2025-04-17 21:53:55] [INFO   ] Process worker-0 exited with code 0, will restart (attempt 1 of 5)
[2025-04-17 21:53:55] [INFO   ] Process worker-1 exited with code 0, will restart (attempt 1 of 5)
[2025-04-17 21:54:04] [INFO   ] Stopping Taskmaster daemon
[2025-04-17 21:54:04] [INFO   ] Stopping all programs...
[2025-04-17 21:54:04] [INFO   ] Stopping program: simple-web
[2025-04-17 21:54:04] [INFO   ] Stopping program: worker
[2025-04-17 21:54:10] [INFO   ] Process worker-0 stopped with exit code 0
[2025-04-17 21:54:10] [INFO   ] Stopped worker process #0
[2025-04-17 21:54:10] [INFO   ] Process worker-1 stopped with exit code 0
[2025-04-17 21:54:10] [INFO   ] Stopped worker process #1
[2025-04-17 21:54:10] [INFO   ] Stopping program: ping
[2025-04-17 21:54:10] [INFO   ] Stopping program: tail
[2025-04-17 21:54:20] [INFO   ] Stopped tail process #0
[2025-04-17 21:54:20] [INFO   ] Stopping program: ls
[2025-04-17 21:54:20] [INFO   ] Process tail-0 exited with code -1, will restart (attempt 1 of 3)
[2025-04-17 21:54:21] [INFO   ] Taskmaster daemon stopped
[2025-04-17 21:54:21] [INFO   ] Closing logger
[2025-04-17 22:06:19] [INFO   ] Taskmaster logger initialized with log level Info
[2025-04-17 22:06:19] [INFO   ] Loading configuration from taskmaster.yaml
[2025-04-17 22:06:19] [INFO   ] Successfully loaded 6 program configurations
[2025-04-17 22:06:19] [INFO   ] Signal handlers registered
[2025-04-17 22:06:19] [INFO   ] Starting program: simple-web
[2025-04-17 22:06:19] [INFO   ] Started simple-web process #0 (PID: 87940)
[2025-04-17 22:06:19] [INFO   ] Starting program: worker
[2025-04-17 22:06:19] [INFO   ] Started worker process #0 (PID: 83936)
[2025-04-17 22:06:19] [INFO   ] Started worker process #1 (PID: 47644)
[2025-04-17 22:06:19] [INFO   ] Starting program: ping
[2025-04-17 22:06:19] [INFO   ] Started ping process #0 (PID: 83972)
[2025-04-17 22:06:19] [INFO   ] Starting program: tail
[2025-04-17 22:06:19] [INFO   ] Started tail process #0 (PID: 88848)
[2025-04-17 22:06:19] [INFO   ] Starting program: ls
[2025-04-17 22:06:19] [INFO   ] Started ls process #0 (PID: 77936)
[2025-04-17 22:06:19] [INFO   ] Control server listening on 127.0.0.1:9090
[2025-04-17 22:06:19] [INFO   ] Process ls-0 exited with code 0, not restarting (expected: True)
[2025-04-17 22:06:19] [INFO   ] HTTP API listening on http://localhost:8080/api/
[2025-04-17 22:06:19] [INFO   ] Taskmaster daemon started
[2025-04-17 22:06:23] [INFO   ] Process ping-0 exited with code 0, not restarting (expected: True)
[2025-04-17 22:06:28] [INFO   ] Process simple-web-0 exited with code 0, not restarting (expected: True)
[2025-04-17 22:06:33] [INFO   ] Process worker-1 exited with code 0, will restart (attempt 1 of 5)
[2025-04-17 22:06:33] [INFO   ] Process worker-0 exited with code 0, will restart (attempt 1 of 5)
[2025-04-17 22:06:48] [INFO   ] Process worker-0 exited with code 0, will restart (attempt 1 of 5)
[2025-04-17 22:06:48] [INFO   ] Process worker-1 exited with code 0, will restart (attempt 1 of 5)
[2025-04-17 22:06:49] [INFO   ] Unknown program: curl
[2025-04-17 22:07:03] [INFO   ] Process worker-0 exited with code 0, will restart (attempt 1 of 5)
[2025-04-17 22:07:03] [INFO   ] Process worker-1 exited with code 0, will restart (attempt 1 of 5)
[2025-04-17 22:07:06] [INFO   ] Unknown program: vlc
[2025-04-17 22:07:18] [INFO   ] Process worker-1 exited with code 0, will restart (attempt 1 of 5)
[2025-04-17 22:07:18] [INFO   ] Process worker-0 exited with code 0, will restart (attempt 1 of 5)
[2025-04-17 22:07:33] [INFO   ] Process worker-1 exited with code 0, will restart (attempt 1 of 5)
[2025-04-17 22:07:33] [INFO   ] Process worker-0 exited with code 0, will restart (attempt 1 of 5)
[2025-04-17 22:07:49] [INFO   ] Process worker-0 exited with code 0, will restart (attempt 1 of 5)
[2025-04-17 22:07:49] [INFO   ] Process worker-1 exited with code 0, will restart (attempt 1 of 5)
[2025-04-17 22:08:04] [INFO   ] Process worker-1 exited with code 0, will restart (attempt 1 of 5)
[2025-04-17 22:08:04] [INFO   ] Process worker-0 exited with code 0, will restart (attempt 1 of 5)
[2025-04-17 22:08:19] [INFO   ] Process worker-1 exited with code 0, will restart (attempt 1 of 5)
[2025-04-17 22:08:19] [INFO   ] Process worker-0 exited with code 0, will restart (attempt 1 of 5)
[2025-04-17 22:08:34] [INFO   ] Process worker-1 exited with code 0, will restart (attempt 1 of 5)
[2025-04-17 22:08:34] [INFO   ] Process worker-0 exited with code 0, will restart (attempt 1 of 5)
[2025-04-17 22:08:49] [INFO   ] Process worker-0 exited with code 0, will restart (attempt 1 of 5)
[2025-04-17 22:08:49] [INFO   ] Process worker-1 exited with code 0, will restart (attempt 1 of 5)
[2025-04-17 22:09:05] [INFO   ] Process worker-1 exited with code 0, will restart (attempt 1 of 5)
[2025-04-17 22:09:05] [INFO   ] Process worker-0 exited with code 0, will restart (attempt 1 of 5)
[2025-04-17 22:09:12] [INFO   ] Stopping Taskmaster daemon
[2025-04-17 22:09:12] [INFO   ] Stopping all programs...
[2025-04-17 22:09:12] [INFO   ] Stopping program: simple-web
[2025-04-17 22:09:12] [INFO   ] Stopping program: worker
[2025-04-17 22:09:25] [INFO   ] Taskmaster logger initialized with log level Info
[2025-04-17 22:09:25] [INFO   ] Loading configuration from taskmaster.yaml
[2025-04-17 22:09:25] [INFO   ] Successfully loaded 6 program configurations
[2025-04-17 22:09:25] [INFO   ] Signal handlers registered
[2025-04-17 22:09:25] [INFO   ] Starting program: simple-web
[2025-04-17 22:09:25] [INFO   ] Started simple-web process #0 (PID: 15124)
[2025-04-17 22:09:25] [INFO   ] Starting program: worker
[2025-04-17 22:09:25] [INFO   ] Started worker process #0 (PID: 84020)
[2025-04-17 22:09:25] [INFO   ] Started worker process #1 (PID: 83316)
[2025-04-17 22:09:25] [INFO   ] Starting program: ping
[2025-04-17 22:09:25] [INFO   ] Started ping process #0 (PID: 84688)
[2025-04-17 22:09:25] [INFO   ] Starting program: tail
[2025-04-17 22:09:25] [INFO   ] Started tail process #0 (PID: 77048)
[2025-04-17 22:09:25] [INFO   ] Starting program: ls
[2025-04-17 22:09:25] [INFO   ] Started ls process #0 (PID: 59360)
[2025-04-17 22:09:25] [INFO   ] Control server listening on 127.0.0.1:9090
[2025-04-17 22:09:25] [INFO   ] HTTP API listening on http://localhost:8080/api/
[2025-04-17 22:09:25] [INFO   ] Taskmaster daemon started
[2025-04-17 22:09:25] [INFO   ] Process ls-0 exited with code 0, not restarting (expected: True)
[2025-04-17 22:09:29] [INFO   ] Process ping-0 exited with code 0, not restarting (expected: True)
[2025-04-17 22:09:34] [INFO   ] Process simple-web-0 exited with code 0, not restarting (expected: True)
[2025-04-17 22:09:39] [INFO   ] Process worker-0 exited with code 0, will restart (attempt 1 of 5)
[2025-04-17 22:09:39] [INFO   ] Process worker-1 exited with code 0, will restart (attempt 1 of 5)
[2025-04-17 22:09:54] [INFO   ] Process worker-1 exited with code 0, will restart (attempt 1 of 5)
[2025-04-17 22:09:54] [INFO   ] Process worker-0 exited with code 0, will restart (attempt 1 of 5)
[2025-04-17 22:10:10] [INFO   ] Process worker-0 exited with code 0, will restart (attempt 1 of 5)
[2025-04-17 22:10:10] [INFO   ] Process worker-1 exited with code 0, will restart (attempt 1 of 5)
[2025-04-17 22:10:25] [INFO   ] Process worker-0 exited with code 0, will restart (attempt 1 of 5)
[2025-04-17 22:10:25] [INFO   ] Process worker-1 exited with code 0, will restart (attempt 1 of 5)
[2025-04-17 22:10:40] [INFO   ] Process worker-0 exited with code 0, will restart (attempt 1 of 5)
[2025-04-17 22:10:40] [INFO   ] Process worker-1 exited with code 0, will restart (attempt 1 of 5)
[2025-04-17 22:10:40] [INFO   ] Stopping Taskmaster daemon
[2025-04-17 22:10:40] [INFO   ] Stopping all programs...
[2025-04-17 22:10:40] [INFO   ] Stopping program: simple-web
[2025-04-17 22:10:40] [INFO   ] Stopping program: worker
[2025-04-17 22:10:40] [INFO   ] Stopping program: ping
[2025-04-17 22:10:40] [INFO   ] Stopping program: tail
[2025-04-17 22:10:50] [INFO   ] Stopped tail process #0
[2025-04-17 22:10:50] [INFO   ] Stopping program: ls
[2025-04-17 22:10:50] [INFO   ] Process tail-0 exited with code -1, will restart (attempt 1 of 3)
[2025-04-17 22:10:51] [INFO   ] Taskmaster daemon stopped
[2025-04-17 22:10:51] [INFO   ] Closing logger
[2025-04-18 09:39:48] [INFO   ] Taskmaster logger initialized with log level Info
[2025-04-18 09:39:48] [INFO   ] Loading configuration from taskmaster.yaml
[2025-04-18 09:39:48] [INFO   ] Successfully loaded 6 program configurations
[2025-04-18 09:39:48] [INFO   ] Signal handlers registered
[2025-04-18 09:39:48] [INFO   ] Starting program: simple-web
[2025-04-18 09:39:48] [INFO   ] Started simple-web process #0 (PID: 88988)
[2025-04-18 09:39:48] [INFO   ] Starting program: worker
[2025-04-18 09:39:48] [INFO   ] Started worker process #0 (PID: 88128)
[2025-04-18 09:39:48] [INFO   ] Started worker process #1 (PID: 87416)
[2025-04-18 09:39:48] [INFO   ] Starting program: ping
[2025-04-18 09:39:48] [INFO   ] Started ping process #0 (PID: 88644)
[2025-04-18 09:39:48] [INFO   ] Starting program: tail
[2025-04-18 09:39:48] [INFO   ] Started tail process #0 (PID: 68380)
[2025-04-18 09:39:48] [INFO   ] Starting program: ls
[2025-04-18 09:39:48] [INFO   ] Started ls process #0 (PID: 87160)
[2025-04-18 09:39:48] [INFO   ] Control server listening on 127.0.0.1:9090
[2025-04-18 09:39:49] [INFO   ] HTTP API listening on http://localhost:8080/api/
[2025-04-18 09:39:49] [INFO   ] Taskmaster daemon started
[2025-04-18 09:39:49] [INFO   ] Process ls-0 exited with code 0, not restarting (expected: True)
[2025-04-18 09:39:53] [INFO   ] Process ping-0 exited with code 0, not restarting (expected: True)
[2025-04-18 09:39:58] [INFO   ] Process simple-web-0 exited with code 0, not restarting (expected: True)
[2025-04-18 09:40:03] [INFO   ] Process worker-0 exited with code 0, will restart (attempt 1 of 5)
[2025-04-18 09:40:03] [INFO   ] Process worker-1 exited with code 0, will restart (attempt 1 of 5)
[2025-04-18 09:40:18] [INFO   ] Process worker-0 exited with code 0, will restart (attempt 1 of 5)
[2025-04-18 09:40:18] [INFO   ] Process worker-1 exited with code 0, will restart (attempt 1 of 5)
[2025-04-18 09:40:33] [INFO   ] Process worker-0 exited with code 0, will restart (attempt 1 of 5)
[2025-04-18 09:40:33] [INFO   ] Process worker-1 exited with code 0, will restart (attempt 1 of 5)
[2025-04-18 09:40:48] [INFO   ] Process worker-1 exited with code 0, will restart (attempt 1 of 5)
[2025-04-18 09:40:48] [INFO   ] Process worker-0 exited with code 0, will restart (attempt 1 of 5)
[2025-04-18 09:41:03] [INFO   ] Process worker-1 exited with code 0, will restart (attempt 1 of 5)
[2025-04-18 09:41:03] [INFO   ] Process worker-0 exited with code 0, will restart (attempt 1 of 5)
[2025-04-18 09:41:18] [INFO   ] Process worker-1 exited with code 0, will restart (attempt 1 of 5)
[2025-04-18 09:41:18] [INFO   ] Process worker-0 exited with code 0, will restart (attempt 1 of 5)
[2025-04-18 09:41:33] [INFO   ] Process worker-1 exited with code 0, will restart (attempt 1 of 5)
[2025-04-18 09:41:33] [INFO   ] Process worker-0 exited with code 0, will restart (attempt 1 of 5)
[2025-04-18 09:41:49] [INFO   ] Process worker-1 exited with code 0, will restart (attempt 1 of 5)
[2025-04-18 09:41:49] [INFO   ] Process worker-0 exited with code 0, will restart (attempt 1 of 5)
[2025-04-18 09:42:00] [INFO   ] Stopping Taskmaster daemon
[2025-04-18 09:42:00] [INFO   ] Control and HTTP servers stopped
[2025-04-18 09:42:00] [INFO   ] Stopping all programs...
[2025-04-18 09:42:00] [INFO   ] Stopping program: simple-web
[2025-04-18 09:42:00] [INFO   ] Stopping program: worker
[2025-04-18 09:42:04] [INFO   ] Process worker-1 exited with code 0, will restart (attempt 1 of 5)
[2025-04-18 09:42:04] [INFO   ] Process worker-0 stopped with exit code 0
[2025-04-18 09:42:04] [INFO   ] Stopped worker process #0
[2025-04-18 09:42:04] [INFO   ] Stopping program: ping
[2025-04-18 09:42:04] [INFO   ] Stopping program: tail
[2025-04-18 09:42:14] [INFO   ] Stopped tail process #0
[2025-04-18 09:42:14] [INFO   ] Stopping program: ls
[2025-04-18 09:42:14] [INFO   ] Process tail-0 exited with code -1, will restart (attempt 1 of 3)
[2025-04-18 09:42:15] [INFO   ] Taskmaster daemon stopped
[2025-04-18 09:42:15] [INFO   ] Closing logger
[2025-04-19 12:34:15] [INFO   ] Taskmaster logger initialized with log level Info
[2025-04-19 12:34:15] [INFO   ] Loading configuration from taskmaster.yaml
[2025-04-19 12:34:15] [INFO   ] Successfully loaded 6 program configurations
[2025-04-19 12:34:15] [INFO   ] Signal handlers registered
[2025-04-19 12:34:15] [INFO   ] Starting program: simple-web
[2025-04-19 12:34:15] [INFO   ] Started simple-web process #0 (PID: 35744)
[2025-04-19 12:34:15] [INFO   ] Starting program: worker
[2025-04-19 12:34:15] [INFO   ] Started worker process #0 (PID: 35776)
[2025-04-19 12:34:15] [INFO   ] Started worker process #1 (PID: 35808)
[2025-04-19 12:34:15] [INFO   ] Starting program: ping
[2025-04-19 12:34:15] [INFO   ] Started ping process #0 (PID: 35828)
[2025-04-19 12:34:15] [INFO   ] Starting program: tail
[2025-04-19 12:34:15] [INFO   ] Started tail process #0 (PID: 35012)
[2025-04-19 12:34:15] [INFO   ] Starting program: ls
[2025-04-19 12:34:15] [INFO   ] Started ls process #0 (PID: 35052)
[2025-04-19 12:34:15] [INFO   ] Control server listening on 127.0.0.1:9090
[2025-04-19 12:34:15] [INFO   ] HTTP API listening on http://localhost:8080/api/
[2025-04-19 12:34:15] [INFO   ] Taskmaster daemon started
[2025-04-19 12:34:15] [INFO   ] Process ls-0 exited with code 0, not restarting (expected: True)
[2025-04-19 12:34:19] [INFO   ] Process ping-0 exited with code 0, not restarting (expected: True)
[2025-04-19 12:34:24] [INFO   ] Process simple-web-0 exited with code 0, not restarting (expected: True)
[2025-04-19 12:34:29] [INFO   ] Process worker-1 exited with code 0, will restart (attempt 1 of 5)
[2025-04-19 12:34:29] [INFO   ] Process worker-0 exited with code 0, will restart (attempt 1 of 5)
[2025-04-19 12:34:44] [INFO   ] Process worker-0 exited with code 0, will restart (attempt 1 of 5)
[2025-04-19 12:34:44] [INFO   ] Process worker-1 exited with code 0, will restart (attempt 1 of 5)
[2025-04-19 12:34:59] [INFO   ] Process worker-0 exited with code 0, will restart (attempt 1 of 5)
[2025-04-19 12:34:59] [INFO   ] Process worker-1 exited with code 0, will restart (attempt 1 of 5)
[2025-04-19 12:35:14] [INFO   ] Process worker-1 exited with code 0, will restart (attempt 1 of 5)
[2025-04-19 12:35:14] [INFO   ] Process worker-0 exited with code 0, will restart (attempt 1 of 5)
[2025-04-19 12:35:30] [INFO   ] Process worker-0 exited with code 0, will restart (attempt 1 of 5)
[2025-04-19 12:35:30] [INFO   ] Process worker-1 exited with code 0, will restart (attempt 1 of 5)
[2025-04-19 12:35:45] [INFO   ] Process worker-1 exited with code 0, will restart (attempt 1 of 5)
[2025-04-19 12:35:45] [INFO   ] Process worker-0 exited with code 0, will restart (attempt 1 of 5)
[2025-04-19 12:36:00] [INFO   ] Process worker-0 exited with code 0, will restart (attempt 1 of 5)
[2025-04-19 12:36:00] [INFO   ] Process worker-1 exited with code 0, will restart (attempt 1 of 5)
[2025-04-19 12:36:15] [INFO   ] Process worker-0 exited with code 0, will restart (attempt 1 of 5)
[2025-04-19 12:36:15] [INFO   ] Process worker-1 exited with code 0, will restart (attempt 1 of 5)
[2025-04-19 12:36:30] [INFO   ] Process worker-0 exited with code 0, will restart (attempt 1 of 5)
[2025-04-19 12:36:30] [INFO   ] Process worker-1 exited with code 0, will restart (attempt 1 of 5)
[2025-04-19 12:36:45] [INFO   ] Process worker-0 exited with code 0, will restart (attempt 1 of 5)
[2025-04-19 12:36:45] [INFO   ] Process worker-1 exited with code 0, will restart (attempt 1 of 5)
[2025-04-19 12:37:00] [INFO   ] Process worker-0 exited with code 0, will restart (attempt 1 of 5)
[2025-04-19 12:37:00] [INFO   ] Process worker-1 exited with code 0, will restart (attempt 1 of 5)
[2025-04-19 12:37:15] [INFO   ] Process worker-0 exited with code 0, will restart (attempt 1 of 5)
[2025-04-19 12:37:15] [INFO   ] Process worker-1 exited with code 0, will restart (attempt 1 of 5)
[2025-04-19 12:37:30] [INFO   ] Process worker-0 exited with code 0, will restart (attempt 1 of 5)
[2025-04-19 12:37:30] [INFO   ] Process worker-1 exited with code 0, will restart (attempt 1 of 5)
[2025-04-19 12:37:46] [INFO   ] Process worker-0 exited with code 0, will restart (attempt 1 of 5)
[2025-04-19 12:37:46] [INFO   ] Process worker-1 exited with code 0, will restart (attempt 1 of 5)
[2025-04-19 12:38:01] [INFO   ] Process worker-0 exited with code 0, will restart (attempt 1 of 5)
[2025-04-19 12:38:01] [INFO   ] Process worker-1 exited with code 0, will restart (attempt 1 of 5)
[2025-04-19 12:38:16] [INFO   ] Process worker-0 exited with code 0, will restart (attempt 1 of 5)
[2025-04-19 12:38:16] [INFO   ] Process worker-1 exited with code 0, will restart (attempt 1 of 5)
[2025-04-19 12:38:31] [INFO   ] Process worker-0 exited with code 0, will restart (attempt 1 of 5)
[2025-04-19 12:38:31] [INFO   ] Process worker-1 exited with code 0, will restart (attempt 1 of 5)
[2025-04-19 12:38:44] [INFO   ] Restarting program: tail-0
[2025-04-19 12:38:44] [INFO   ] No running processes found for program: tail-0
[2025-04-19 12:38:46] [INFO   ] Process worker-0 exited with code 0, will restart (attempt 1 of 5)
[2025-04-19 12:38:46] [INFO   ] Process worker-1 exited with code 0, will restart (attempt 1 of 5)
[2025-04-19 12:38:57] [INFO   ] Restarting program: simple-web
[2025-04-19 12:38:57] [INFO   ] Stopping program: simple-web
[2025-04-19 12:38:58] [INFO   ] Starting program: simple-web
[2025-04-19 12:38:58] [INFO   ] Started simple-web process #0 (PID: 35440)
[2025-04-19 12:38:58] [INFO   ] Restarting program: worker
[2025-04-19 12:38:58] [INFO   ] Stopping program: worker
[2025-04-19 12:39:01] [INFO   ] Process worker-0 stopped with exit code 0
[2025-04-19 12:39:01] [INFO   ] Stopped worker process #0
[2025-04-19 12:39:01] [INFO   ] Process worker-1 stopped with exit code 0
[2025-04-19 12:39:01] [INFO   ] Stopped worker process #1
[2025-04-19 12:39:02] [INFO   ] Starting program: worker
[2025-04-19 12:39:02] [INFO   ] Started worker process #0 (PID: 35500)
[2025-04-19 12:39:02] [INFO   ] Started worker process #1 (PID: 33780)
[2025-04-19 12:39:02] [INFO   ] Restarting program: ping
[2025-04-19 12:39:02] [INFO   ] Stopping program: ping
[2025-04-19 12:39:03] [INFO   ] Starting program: ping
[2025-04-19 12:39:03] [INFO   ] Started ping process #0 (PID: 32544)
[2025-04-19 12:39:03] [INFO   ] Restarting program: sleep
[2025-04-19 12:39:03] [INFO   ] No running processes found for program: sleep
[2025-04-19 12:39:03] [INFO   ] Restarting program: tail
[2025-04-19 12:39:03] [INFO   ] Stopping program: tail
[2025-04-19 12:39:07] [INFO   ] Process simple-web-0 exited with code 0, not restarting (expected: True)
[2025-04-19 12:39:07] [INFO   ] Process ping-0 exited with code 0, not restarting (expected: True)
[2025-04-19 12:39:13] [INFO   ] Stopped tail process #0
[2025-04-19 12:39:13] [INFO   ] Process tail-0 exited with code -1, will restart (attempt 1 of 3)
[2025-04-19 12:39:14] [INFO   ] Starting program: tail
[2025-04-19 12:39:14] [INFO   ] Started tail process #0 (PID: 33064)
[2025-04-19 12:39:14] [INFO   ] Restarting program: ls
[2025-04-19 12:39:14] [INFO   ] Stopping program: ls
[2025-04-19 12:39:15] [INFO   ] Starting program: ls
[2025-04-19 12:39:15] [INFO   ] Started ls process #0 (PID: 35140)
[2025-04-19 12:39:15] [INFO   ] Process ls-0 exited with code 0, not restarting (expected: True)
[2025-04-19 12:39:16] [INFO   ] Process worker-0 exited with code 0, will restart (attempt 1 of 5)
[2025-04-19 12:39:16] [INFO   ] Process worker-1 exited with code 0, will restart (attempt 1 of 5)
[2025-04-19 12:39:32] [INFO   ] Process worker-1 exited with code 0, will restart (attempt 1 of 5)
[2025-04-19 12:39:32] [INFO   ] Process worker-0 exited with code 0, will restart (attempt 1 of 5)
[2025-04-19 12:39:47] [INFO   ] Process worker-0 exited with code 0, will restart (attempt 1 of 5)
[2025-04-19 12:39:47] [INFO   ] Process worker-1 exited with code 0, will restart (attempt 1 of 5)
[2025-04-19 12:40:02] [INFO   ] Process worker-0 exited with code 0, will restart (attempt 1 of 5)
[2025-04-19 12:40:02] [INFO   ] Process worker-1 exited with code 0, will restart (attempt 1 of 5)
[2025-04-19 12:40:17] [INFO   ] Process worker-0 exited with code 0, will restart (attempt 1 of 5)
[2025-04-19 12:40:17] [INFO   ] Process worker-1 exited with code 0, will restart (attempt 1 of 5)
[2025-04-19 12:40:32] [INFO   ] Process worker-0 exited with code 0, will restart (attempt 1 of 5)
[2025-04-19 12:40:32] [INFO   ] Process worker-1 exited with code 0, will restart (attempt 1 of 5)
[2025-04-19 12:40:47] [INFO   ] Process worker-0 exited with code 0, will restart (attempt 1 of 5)
[2025-04-19 12:40:47] [INFO   ] Process worker-1 exited with code 0, will restart (attempt 1 of 5)
[2025-04-19 12:41:02] [INFO   ] Process worker-0 exited with code 0, will restart (attempt 1 of 5)
[2025-04-19 12:41:02] [INFO   ] Process worker-1 exited with code 0, will restart (attempt 1 of 5)
[2025-04-19 12:41:18] [INFO   ] Process worker-0 exited with code 0, will restart (attempt 1 of 5)
[2025-04-19 12:41:18] [INFO   ] Process worker-1 exited with code 0, will restart (attempt 1 of 5)
[2025-04-19 12:41:33] [INFO   ] Process worker-0 exited with code 0, will restart (attempt 1 of 5)
[2025-04-19 12:41:33] [INFO   ] Process worker-1 exited with code 0, will restart (attempt 1 of 5)
[2025-04-19 12:41:48] [INFO   ] Process worker-0 exited with code 0, will restart (attempt 1 of 5)
[2025-04-19 12:41:48] [INFO   ] Process worker-1 exited with code 0, will restart (attempt 1 of 5)
[2025-04-19 12:42:03] [INFO   ] Process worker-0 exited with code 0, will restart (attempt 1 of 5)
[2025-04-19 12:42:03] [INFO   ] Process worker-1 exited with code 0, will restart (attempt 1 of 5)
[2025-04-19 12:42:18] [INFO   ] Process worker-0 exited with code 0, will restart (attempt 1 of 5)
[2025-04-19 12:42:18] [INFO   ] Process worker-1 exited with code 0, will restart (attempt 1 of 5)
[2025-04-19 12:42:33] [INFO   ] Process worker-1 exited with code 0, will restart (attempt 1 of 5)
[2025-04-19 12:42:33] [INFO   ] Process worker-0 exited with code 0, will restart (attempt 1 of 5)
[2025-04-19 12:42:48] [INFO   ] Process worker-0 exited with code 0, will restart (attempt 1 of 5)
[2025-04-19 12:42:48] [INFO   ] Process worker-1 exited with code 0, will restart (attempt 1 of 5)
[2025-04-19 12:43:04] [INFO   ] Process worker-1 exited with code 0, will restart (attempt 1 of 5)
[2025-04-19 12:43:04] [INFO   ] Process worker-0 exited with code 0, will restart (attempt 1 of 5)
[2025-04-19 12:43:19] [INFO   ] Process worker-0 exited with code 0, will restart (attempt 1 of 5)
[2025-04-19 12:43:19] [INFO   ] Process worker-1 exited with code 0, will restart (attempt 1 of 5)
[2025-04-19 12:43:23] [INFO   ] No running processes found for program: webapp
[2025-04-19 12:43:34] [INFO   ] Process worker-0 exited with code 0, will restart (attempt 1 of 5)
[2025-04-19 12:43:34] [INFO   ] Process worker-1 exited with code 0, will restart (attempt 1 of 5)
[2025-04-19 12:43:49] [INFO   ] Process worker-1 exited with code 0, will restart (attempt 1 of 5)
[2025-04-19 12:43:49] [INFO   ] Process worker-0 exited with code 0, will restart (attempt 1 of 5)
[2025-04-19 12:44:04] [INFO   ] Process worker-0 exited with code 0, will restart (attempt 1 of 5)
[2025-04-19 12:44:04] [INFO   ] Process worker-1 exited with code 0, will restart (attempt 1 of 5)
[2025-04-19 12:44:19] [INFO   ] Process worker-1 exited with code 0, will restart (attempt 1 of 5)
[2025-04-19 12:44:19] [INFO   ] Process worker-0 exited with code 0, will restart (attempt 1 of 5)
[2025-04-19 12:44:24] [INFO   ] Stopping program: tail
[2025-04-19 12:44:34] [INFO   ] Stopped tail process #0
[2025-04-19 12:44:34] [INFO   ] Process tail-0 exited with code -1, will restart (attempt 1 of 3)
[2025-04-19 12:44:34] [INFO   ] Process worker-1 exited with code 0, will restart (attempt 1 of 5)
[2025-04-19 12:44:34] [INFO   ] Process worker-0 exited with code 0, will restart (attempt 1 of 5)
[2025-04-19 12:44:41] [INFO   ] Starting program: tail
[2025-04-19 12:44:50] [INFO   ] Process worker-0 exited with code 0, will restart (attempt 1 of 5)
[2025-04-19 12:44:50] [INFO   ] Process worker-1 exited with code 0, will restart (attempt 1 of 5)
[2025-04-19 12:45:05] [INFO   ] Process worker-1 exited with code 0, will restart (attempt 1 of 5)
[2025-04-19 12:45:05] [INFO   ] Process worker-0 exited with code 0, will restart (attempt 1 of 5)
[2025-04-19 12:45:20] [INFO   ] Process worker-0 exited with code 0, will restart (attempt 1 of 5)
[2025-04-19 12:45:20] [INFO   ] Process worker-1 exited with code 0, will restart (attempt 1 of 5)
[2025-04-19 12:45:35] [INFO   ] Process worker-0 exited with code 0, will restart (attempt 1 of 5)
[2025-04-19 12:45:35] [INFO   ] Process worker-1 exited with code 0, will restart (attempt 1 of 5)
[2025-04-19 12:45:50] [INFO   ] Process worker-1 exited with code 0, will restart (attempt 1 of 5)
[2025-04-19 12:45:50] [INFO   ] Process worker-0 exited with code 0, will restart (attempt 1 of 5)
[2025-04-19 12:46:05] [INFO   ] Process worker-1 exited with code 0, will restart (attempt 1 of 5)
[2025-04-19 12:46:05] [INFO   ] Process worker-0 exited with code 0, will restart (attempt 1 of 5)
[2025-04-19 12:46:20] [INFO   ] Process worker-0 exited with code 0, will restart (attempt 1 of 5)
[2025-04-19 12:46:20] [INFO   ] Process worker-1 exited with code 0, will restart (attempt 1 of 5)
[2025-04-19 12:46:35] [INFO   ] Process worker-0 exited with code 0, will restart (attempt 1 of 5)
[2025-04-19 12:46:35] [INFO   ] Process worker-1 exited with code 0, will restart (attempt 1 of 5)
[2025-04-19 12:46:51] [INFO   ] Process worker-1 exited with code 0, will restart (attempt 1 of 5)
[2025-04-19 12:46:51] [INFO   ] Process worker-0 exited with code 0, will restart (attempt 1 of 5)
[2025-04-19 12:47:06] [INFO   ] Process worker-1 exited with code 0, will restart (attempt 1 of 5)
[2025-04-19 12:47:06] [INFO   ] Process worker-0 exited with code 0, will restart (attempt 1 of 5)
[2025-04-19 12:47:21] [INFO   ] Process worker-0 exited with code 0, will restart (attempt 1 of 5)
[2025-04-19 12:47:21] [INFO   ] Process worker-1 exited with code 0, will restart (attempt 1 of 5)
[2025-04-19 12:47:30] [INFO   ] Unknown program: webapp
[2025-04-19 12:47:36] [INFO   ] Process worker-0 exited with code 0, will restart (attempt 1 of 5)
[2025-04-19 12:47:36] [INFO   ] Process worker-1 exited with code 0, will restart (attempt 1 of 5)
[2025-04-19 12:47:36] [INFO   ] Reloading configuration...
[2025-04-19 12:47:36] [INFO   ] Loading configuration from taskmaster.yaml
[2025-04-19 12:47:36] [INFO   ] Successfully loaded 6 program configurations
[2025-04-19 12:47:36] [INFO   ] Configuration reloaded successfully
[2025-04-19 12:47:48] [INFO   ] Stopping Taskmaster daemon
[2025-04-19 12:47:48] [INFO   ] Control and HTTP servers stopped
[2025-04-19 12:47:48] [INFO   ] Stopping all programs...
[2025-04-19 12:47:48] [INFO   ] Stopping program: simple-web
[2025-04-19 12:47:48] [INFO   ] Stopping program: worker
[2025-04-19 12:47:51] [INFO   ] Process worker-1 exited with code 0, will restart (attempt 1 of 5)
[2025-04-19 12:47:51] [INFO   ] Process worker-0 stopped with exit code 0
[2025-04-19 12:47:51] [INFO   ] Stopped worker process #0
[2025-04-19 12:47:51] [INFO   ] Stopping program: ping
[2025-04-19 12:47:51] [INFO   ] Stopping program: tail
[2025-04-19 12:48:01] [INFO   ] Stopped tail process #0
[2025-04-19 12:48:01] [INFO   ] Stopping program: ls
[2025-04-19 12:48:01] [INFO   ] Process tail-0 exited with code -1, will restart (attempt 1 of 3)
[2025-04-19 12:48:02] [INFO   ] Taskmaster daemon stopped
[2025-04-19 12:48:02] [INFO   ] Closing logger
[2025-04-19 12:51:36] [INFO   ] Taskmaster logger initialized with log level Info
[2025-04-19 12:51:36] [INFO   ] Loading configuration from taskmaster.yaml
[2025-04-19 12:51:36] [INFO   ] Successfully loaded 6 program configurations
[2025-04-19 12:51:36] [INFO   ] Signal handlers registered
[2025-04-19 12:51:36] [INFO   ] Starting program: simple-web
[2025-04-19 12:51:36] [INFO   ] Started simple-web process #0 (PID: 13272)
[2025-04-19 12:51:36] [INFO   ] Starting program: worker
[2025-04-19 12:51:36] [INFO   ] Started worker process #0 (PID: 32196)
[2025-04-19 12:51:36] [INFO   ] Started worker process #1 (PID: 36128)
[2025-04-19 12:51:36] [INFO   ] Starting program: ping
[2025-04-19 12:51:36] [INFO   ] Started ping process #0 (PID: 29372)
[2025-04-19 12:51:36] [INFO   ] Starting program: tail
[2025-04-19 12:51:36] [INFO   ] Started tail process #0 (PID: 36124)
[2025-04-19 12:51:36] [INFO   ] Starting program: ls
[2025-04-19 12:51:36] [INFO   ] Started ls process #0 (PID: 29308)
[2025-04-19 12:51:36] [INFO   ] Control server listening on 127.0.0.1:9090
[2025-04-19 12:51:36] [INFO   ] Process ls-0 exited with code 0, not restarting (expected: True)
[2025-04-19 12:51:36] [INFO   ] HTTP API listening on http://localhost:8080/api/
[2025-04-19 12:51:36] [INFO   ] Taskmaster daemon started
[2025-04-19 12:51:40] [INFO   ] Process ping-0 exited with code 0, not restarting (expected: True)
[2025-04-19 12:51:41] [INFO   ] Stopping Taskmaster daemon
[2025-04-19 12:51:41] [INFO   ] Control and HTTP servers stopped
[2025-04-19 12:51:41] [INFO   ] Stopping all programs...
[2025-04-19 12:51:41] [INFO   ] Stopping program: simple-web
[2025-04-19 12:51:45] [INFO   ] Process simple-web-0 stopped with exit code 0
[2025-04-19 12:51:45] [INFO   ] Stopped simple-web process #0
[2025-04-19 12:51:45] [INFO   ] Stopping program: worker
[2025-04-22 11:25:12] [INFO   ] Taskmaster logger initialized with log level Info
[2025-04-22 11:25:12] [INFO   ] Loading configuration from taskmaster.yaml
[2025-04-22 11:25:12] [INFO   ] Successfully loaded 6 program configurations
[2025-04-22 11:25:12] [INFO   ] Signal handlers registered
[2025-04-22 11:25:12] [INFO   ] Starting program: simple-web
[2025-04-22 11:25:12] [INFO   ] Created directory: logs\.\logs
[2025-04-22 11:25:12] [INFO   ] Started simple-web process #0 (PID: 5024)
[2025-04-22 11:25:12] [INFO   ] Starting program: worker
[2025-04-22 11:25:12] [INFO   ] Started worker process #0 (PID: 11012)
[2025-04-22 11:25:12] [INFO   ] Started worker process #1 (PID: 15116)
[2025-04-22 11:25:12] [INFO   ] Starting program: ping
[2025-04-22 11:25:12] [INFO   ] Started ping process #0 (PID: 1564)
[2025-04-22 11:25:12] [INFO   ] Starting program: tail
[2025-04-22 11:25:12] [INFO   ] Started tail process #0 (PID: 8676)
[2025-04-22 11:25:12] [INFO   ] Starting program: ls
[2025-04-22 11:25:12] [INFO   ] Started ls process #0 (PID: 11984)
[2025-04-22 11:25:12] [INFO   ] Control server listening on 127.0.0.1:9090
[2025-04-22 11:25:12] [INFO   ] HTTP API listening on http://localhost:8080/api/
[2025-04-22 11:25:12] [INFO   ] Taskmaster daemon started
[2025-04-22 11:25:12] [INFO   ] Process ls-0 exited with code 0, not restarting (expected: True)
[2025-04-22 11:25:16] [INFO   ] Process ping-0 exited with code 0, not restarting (expected: True)
[2025-04-22 11:25:21] [INFO   ] Process simple-web-0 exited with code 0, not restarting (expected: True)
[2025-04-22 11:25:26] [INFO   ] Process worker-0 exited with code 0, will restart (attempt 1 of 5)
[2025-04-22 11:25:26] [INFO   ] Process worker-1 exited with code 0, will restart (attempt 1 of 5)
[2025-04-22 11:25:41] [INFO   ] Process worker-0 exited with code 0, will restart (attempt 1 of 5)
[2025-04-22 11:25:41] [INFO   ] Process worker-1 exited with code 0, will restart (attempt 1 of 5)
[2025-04-22 11:25:55] [INFO   ] Stopping Taskmaster daemon
[2025-04-22 11:25:55] [INFO   ] Control and HTTP servers stopped
[2025-04-22 11:25:55] [INFO   ] Stopping all programs...
[2025-04-22 11:25:55] [INFO   ] Stopping program: simple-web
[2025-04-22 11:25:55] [INFO   ] Stopping program: worker
[2025-04-22 11:25:56] [INFO   ] Process worker-0 stopped with exit code 0
[2025-04-22 11:25:56] [INFO   ] Stopped worker process #0
[2025-04-22 11:25:56] [INFO   ] Process worker-1 stopped with exit code 0
[2025-04-22 11:25:56] [INFO   ] Stopped worker process #1
[2025-04-22 11:25:56] [INFO   ] Stopping program: ping
[2025-04-22 11:25:56] [INFO   ] Stopping program: tail
[2025-04-22 11:26:06] [INFO   ] Stopped tail process #0
[2025-04-22 11:26:06] [INFO   ] Stopping program: ls
[2025-04-22 11:26:06] [INFO   ] Process tail-0 exited with code -1, will restart (attempt 1 of 3)
[2025-04-22 11:26:07] [INFO   ] Taskmaster daemon stopped
[2025-04-22 11:26:07] [INFO   ] Closing logger
